2024-04-20 17:47:43,703 [INFO] Activator:178 - 


2024-04-20 17:47:43,705 [INFO] Activator:179 - !SESSION log4j initialized
2024-04-20 17:47:51,138 [INFO] ApplicationProperties:181 - Using Application install path: C:\ST\STM32CubeIDE_1.4.0\STM32CubeIDE\plugins\com.st.stm32cube.common.mx_6.0.0.202007160824
2024-04-20 17:47:51,148 [INFO] DbMcusXml:70 - Set database path to: C:\ST\STM32CubeIDE_1.4.0\STM32CubeIDE\plugins\com.st.stm32cube.common.mx_6.0.0.202007160824\\db\/mcu/
2024-04-20 17:47:51,152 [INFO] DbBoardsPdsc:56 - Set plugin database path to: C:\ST\STM32CubeIDE_1.4.0\STM32CubeIDE\plugins\com.st.stm32cube.common.mx_6.0.0.202007160824\\db\/plugins/boardmanager/
2024-04-20 17:47:51,152 [INFO] DbMcus:258 - Set plugin images path to: C:\ST\STM32CubeIDE_1.4.0\STM32CubeIDE\plugins\com.st.stm32cube.common.mx_6.0.0.202007160824\\db\/plugins/mcufinder/images/
2024-04-20 17:47:51,153 [INFO] DbBoards:264 - Set plugin images path to: C:\ST\STM32CubeIDE_1.4.0\STM32CubeIDE\plugins\com.st.stm32cube.common.mx_6.0.0.202007160824\\db\/plugins/mcufinder/images/
2024-04-20 17:47:51,155 [INFO] DbExamples:326 - Set plugin images path to: C:\ST\STM32CubeIDE_1.4.0\STM32CubeIDE\plugins\com.st.stm32cube.common.mx_6.0.0.202007160824\\db\/plugins/mcufinder/images/
2024-04-20 17:47:51,160 [INFO] DbMcusDocs:112 - Set database path to: C:\Users\Dell\.stmcufinder\plugins\mcufinder//mcu/
2024-04-20 17:47:51,162 [INFO] DbMcusJson:63 - Set database path to: C:\Users\Dell\.stmcufinder\plugins\mcufinder//mcu/
2024-04-20 17:47:51,163 [INFO] DbBoardsDocs:112 - Set database path to: C:\Users\Dell\.stmcufinder\plugins\mcufinder//mcu/
2024-04-20 17:47:51,164 [INFO] DbBoardsJson:56 - Set database path to: C:\Users\Dell\.stmcufinder\plugins\mcufinder//mcu/
2024-04-20 17:47:51,167 [INFO] CrossReferenceDbSqlite:196 - Set database path to: C:\Users\Dell\.stmcufinder\plugins\mcufinder//mcu/cs/
2024-04-20 17:47:51,170 [INFO] DbExamplesSqlite:800 - Set database path to: C:\Users\Dell\.stmcufinder\plugins\mcufinder//mcu/
2024-04-20 17:47:51,272 [INFO] RulesReader:52 - Compatibility file has been processed (209 Rules)
2024-04-20 17:47:51,360 [INFO] MicroXplorer:564 - Detected Java Version = 1.8.0_252
2024-04-20 17:47:51,360 [INFO] DbMcusXml:70 - Set database path to: C:\ST\STM32CubeIDE_1.4.0\STM32CubeIDE\plugins\com.st.stm32cube.common.mx_6.0.0.202007160824\\db\/mcu/
2024-04-20 17:47:51,360 [INFO] DbBoardsPdsc:56 - Set plugin database path to: C:\ST\STM32CubeIDE_1.4.0\STM32CubeIDE\plugins\com.st.stm32cube.common.mx_6.0.0.202007160824\\db\/plugins/boardmanager/
2024-04-20 17:47:51,361 [INFO] DbMcus:258 - Set plugin images path to: C:\ST\STM32CubeIDE_1.4.0\STM32CubeIDE\plugins\com.st.stm32cube.common.mx_6.0.0.202007160824\\db\/plugins/mcufinder/images/
2024-04-20 17:47:51,361 [INFO] DbBoards:264 - Set plugin images path to: C:\ST\STM32CubeIDE_1.4.0\STM32CubeIDE\plugins\com.st.stm32cube.common.mx_6.0.0.202007160824\\db\/plugins/mcufinder/images/
2024-04-20 17:47:51,361 [INFO] DbExamples:326 - Set plugin images path to: C:\ST\STM32CubeIDE_1.4.0\STM32CubeIDE\plugins\com.st.stm32cube.common.mx_6.0.0.202007160824\\db\/plugins/mcufinder/images/
2024-04-20 17:47:51,362 [WARN] DbFile:36 - Overriding database path with different value: C:\Users\Dell\.stmcufinder\plugins\mcufinder/ => C:\Users\Dell\.stmcufinder\plugins\mcufinder
2024-04-20 17:47:51,362 [INFO] DbMcusDocs:112 - Set database path to: C:\Users\Dell\.stmcufinder\plugins\mcufinder//mcu/
2024-04-20 17:47:51,362 [WARN] DbFile:36 - Overriding database path with different value: C:\Users\Dell\.stmcufinder\plugins\mcufinder/ => C:\Users\Dell\.stmcufinder\plugins\mcufinder
2024-04-20 17:47:51,363 [INFO] DbMcusJson:63 - Set database path to: C:\Users\Dell\.stmcufinder\plugins\mcufinder//mcu/
2024-04-20 17:47:51,363 [WARN] DbFile:36 - Overriding database path with different value: C:\Users\Dell\.stmcufinder\plugins\mcufinder/ => C:\Users\Dell\.stmcufinder\plugins\mcufinder
2024-04-20 17:47:51,363 [INFO] DbBoardsDocs:112 - Set database path to: C:\Users\Dell\.stmcufinder\plugins\mcufinder//mcu/
2024-04-20 17:47:51,363 [WARN] DbFile:36 - Overriding database path with different value: C:\Users\Dell\.stmcufinder\plugins\mcufinder/ => C:\Users\Dell\.stmcufinder\plugins\mcufinder
2024-04-20 17:47:51,363 [INFO] DbBoardsJson:56 - Set database path to: C:\Users\Dell\.stmcufinder\plugins\mcufinder//mcu/
2024-04-20 17:47:51,363 [WARN] DbFile:36 - Overriding database path with different value: C:\Users\Dell\.stmcufinder\plugins\mcufinder/ => C:\Users\Dell\.stmcufinder\plugins\mcufinder
2024-04-20 17:47:51,363 [WARN] DbFile:36 - Overriding database path with different value: C:\Users\Dell\.stmcufinder\plugins\mcufinder/ => C:\Users\Dell\.stmcufinder\plugins\mcufinder
2024-04-20 17:47:51,363 [INFO] CrossReferenceDbSqlite:196 - Set database path to: C:\Users\Dell\.stmcufinder\plugins\mcufinder//mcu/cs/
2024-04-20 17:47:51,363 [WARN] DbFile:36 - Overriding database path with different value: C:\Users\Dell\.stmcufinder\plugins\mcufinder/ => C:\Users\Dell\.stmcufinder\plugins\mcufinder
2024-04-20 17:47:51,363 [INFO] DbExamplesSqlite:800 - Set database path to: C:\Users\Dell\.stmcufinder\plugins\mcufinder//mcu/
2024-04-20 17:47:51,422 [INFO] MainPanel:189 - HeapMemory: 268435456
2024-04-20 17:47:51,474 [INFO] DbMcusXml:70 - Set database path to: C:\ST\STM32CubeIDE_1.4.0\STM32CubeIDE\plugins\com.st.stm32cube.common.mx_6.0.0.202007160824\\db\/mcu/
2024-04-20 17:47:51,474 [INFO] DbBoardsPdsc:56 - Set plugin database path to: C:\ST\STM32CubeIDE_1.4.0\STM32CubeIDE\plugins\com.st.stm32cube.common.mx_6.0.0.202007160824\\db\/plugins/boardmanager/
2024-04-20 17:47:51,474 [INFO] DbMcus:258 - Set plugin images path to: C:\ST\STM32CubeIDE_1.4.0\STM32CubeIDE\plugins\com.st.stm32cube.common.mx_6.0.0.202007160824\\db\/plugins/mcufinder/images/
2024-04-20 17:47:51,474 [INFO] DbBoards:264 - Set plugin images path to: C:\ST\STM32CubeIDE_1.4.0\STM32CubeIDE\plugins\com.st.stm32cube.common.mx_6.0.0.202007160824\\db\/plugins/mcufinder/images/
2024-04-20 17:47:51,474 [INFO] DbExamples:326 - Set plugin images path to: C:\ST\STM32CubeIDE_1.4.0\STM32CubeIDE\plugins\com.st.stm32cube.common.mx_6.0.0.202007160824\\db\/plugins/mcufinder/images/
2024-04-20 17:47:51,475 [WARN] DbFile:36 - Overriding database path with different value: C:\Users\Dell\.stmcufinder\plugins\mcufinder/ => C:\Users\Dell\.stmcufinder\plugins\mcufinder
2024-04-20 17:47:51,475 [INFO] DbMcusDocs:112 - Set database path to: C:\Users\Dell\.stmcufinder\plugins\mcufinder//mcu/
2024-04-20 17:47:51,475 [WARN] DbFile:36 - Overriding database path with different value: C:\Users\Dell\.stmcufinder\plugins\mcufinder/ => C:\Users\Dell\.stmcufinder\plugins\mcufinder
2024-04-20 17:47:51,475 [INFO] DbMcusJson:63 - Set database path to: C:\Users\Dell\.stmcufinder\plugins\mcufinder//mcu/
2024-04-20 17:47:51,475 [WARN] DbFile:36 - Overriding database path with different value: C:\Users\Dell\.stmcufinder\plugins\mcufinder/ => C:\Users\Dell\.stmcufinder\plugins\mcufinder
2024-04-20 17:47:51,476 [INFO] DbBoardsDocs:112 - Set database path to: C:\Users\Dell\.stmcufinder\plugins\mcufinder//mcu/
2024-04-20 17:47:51,476 [WARN] DbFile:36 - Overriding database path with different value: C:\Users\Dell\.stmcufinder\plugins\mcufinder/ => C:\Users\Dell\.stmcufinder\plugins\mcufinder
2024-04-20 17:47:51,476 [INFO] DbBoardsJson:56 - Set database path to: C:\Users\Dell\.stmcufinder\plugins\mcufinder//mcu/
2024-04-20 17:47:51,476 [WARN] DbFile:36 - Overriding database path with different value: C:\Users\Dell\.stmcufinder\plugins\mcufinder/ => C:\Users\Dell\.stmcufinder\plugins\mcufinder
2024-04-20 17:47:51,476 [WARN] DbFile:36 - Overriding database path with different value: C:\Users\Dell\.stmcufinder\plugins\mcufinder/ => C:\Users\Dell\.stmcufinder\plugins\mcufinder
2024-04-20 17:47:51,476 [INFO] CrossReferenceDbSqlite:196 - Set database path to: C:\Users\Dell\.stmcufinder\plugins\mcufinder//mcu/cs/
2024-04-20 17:47:51,476 [WARN] DbFile:36 - Overriding database path with different value: C:\Users\Dell\.stmcufinder\plugins\mcufinder/ => C:\Users\Dell\.stmcufinder\plugins\mcufinder
2024-04-20 17:47:51,477 [INFO] DbExamplesSqlite:800 - Set database path to: C:\Users\Dell\.stmcufinder\plugins\mcufinder//mcu/
2024-04-20 17:47:51,496 [INFO] ApplicationProperties:181 - Using Application install path: C:\ST\STM32CubeIDE_1.4.0\STM32CubeIDE\plugins\com.st.stm32cube.common.mx_6.0.0.202007160824
2024-04-20 17:47:51,497 [INFO] PluginManage:178 - Search for loadable plugins [exclusion list=, ]
2024-04-20 17:47:51,499 [INFO] PluginManage:292 - Check plugin analytics
2024-04-20 17:47:57,179 [INFO] AnalyticsPlugin:203 - Accepted Software Licenses: 
2024-04-20 17:47:57,180 [INFO] AnalyticsPlugin:205 - Accepted CMSIS Pack Licenses: 
2024-04-20 17:47:57,180 [INFO] AnalyticsPlugin:207 - Accepted Firmware Licenses: 
2024-04-20 17:47:57,181 [INFO] PluginManage:342 - Loaded plugin analytics (category:tool,tabindex:-1)
2024-04-20 17:47:57,181 [INFO] PluginManage:292 - Check plugin clock
2024-04-20 17:47:57,201 [INFO] PluginManage:342 - Loaded plugin clock (category:base,tabindex:2)
2024-04-20 17:47:57,202 [INFO] PluginManage:292 - Check plugin ddr
2024-04-20 17:47:57,205 [INFO] PluginManage:342 - Loaded plugin ddr (category:tool,tabindex:6)
2024-04-20 17:47:57,205 [INFO] PluginManage:292 - Check plugin filemanager
2024-04-20 17:47:57,363 [INFO] PluginManage:342 - Loaded plugin filemanager (category:base,tabindex:10)
2024-04-20 17:47:57,364 [INFO] PluginManage:292 - Check plugin ipmanager
2024-04-20 17:47:57,372 [INFO] PluginManage:342 - Loaded plugin ipmanager (category:base,tabindex:5)
2024-04-20 17:47:57,373 [INFO] PluginManage:292 - Check plugin pinoutandconfiguration
2024-04-20 17:47:57,381 [INFO] PluginManage:342 - Loaded plugin pinoutandconfiguration (category:base,tabindex:1)
2024-04-20 17:47:57,382 [INFO] PluginManage:292 - Check plugin pinoutconfig
2024-04-20 17:47:57,408 [INFO] PluginManage:342 - Loaded plugin pinoutconfig (category:base,tabindex:0)
2024-04-20 17:47:57,408 [INFO] PluginManage:292 - Check plugin power
2024-04-20 17:47:57,416 [INFO] PluginManage:342 - Loaded plugin power (category:power,tabindex:4)
2024-04-20 17:47:57,417 [INFO] PluginManage:292 - Check plugin projectmanager
2024-04-20 17:47:57,437 [INFO] PluginManage:342 - Loaded plugin projectmanager (category:projectmanager,tabindex:3)
2024-04-20 17:47:57,437 [INFO] PluginManage:292 - Check plugin thirdparty
2024-04-20 17:47:57,484 [INFO] ThirdPartyDb:333 - Open Third Party DataBase File (C:/Users/Dell/.stm32cubemx/plugins/thirdparty/db/thirdparties_db.xml) : 16 ms. number of Sw pack : 13
2024-04-20 17:47:57,488 [INFO] PluginManage:342 - Loaded plugin thirdparty (category:base,tabindex:-1)
2024-04-20 17:47:57,489 [INFO] PluginManage:292 - Check plugin tools
2024-04-20 17:47:57,491 [INFO] PluginManage:342 - Loaded plugin tools (category:base,tabindex:7)
2024-04-20 17:47:57,491 [INFO] PluginManage:292 - Check plugin tutovideos
2024-04-20 17:47:57,702 [INFO] PluginManage:342 - Loaded plugin tutovideos (category:base,tabindex:-1)
2024-04-20 17:47:57,703 [INFO] PluginManage:292 - Check plugin updater
2024-04-20 17:47:57,717 [INFO] PluginManage:342 - Loaded plugin updater (category:base,tabindex:12)
2024-04-20 17:47:57,718 [INFO] PluginManage:265 - PluginManage : Loaded plugins [13]
2024-04-20 17:47:58,008 [INFO] PinOutPanel:1418 - setPackage(No Configuration,No Configuration)
2024-04-20 17:47:58,105 [INFO] IPUIPlugin:64 - create IPUIPlugin
2024-04-20 17:47:58,106 [INFO] PluginManager:200 - loadIPPluginJar : add adc
2024-04-20 17:47:58,109 [INFO] IPUIPlugin:64 - create IPUIPlugin
2024-04-20 17:47:58,109 [INFO] PluginManager:200 - loadIPPluginJar : add aes
2024-04-20 17:47:58,113 [INFO] IPUIPlugin:64 - create IPUIPlugin
2024-04-20 17:47:58,113 [INFO] PluginManager:200 - loadIPPluginJar : add can
2024-04-20 17:47:58,115 [INFO] IPUIPlugin:64 - create IPUIPlugin
2024-04-20 17:47:58,116 [INFO] PluginManager:200 - loadIPPluginJar : add comp
2024-04-20 17:47:58,119 [INFO] IPUIPlugin:64 - create IPUIPlugin
2024-04-20 17:47:58,120 [INFO] PluginManager:200 - loadIPPluginJar : add cryp
2024-04-20 17:47:58,125 [INFO] IPUIPlugin:64 - create IPUIPlugin
2024-04-20 17:47:58,126 [INFO] PluginManager:200 - loadIPPluginJar : add dfsdm
2024-04-20 17:47:58,134 [INFO] IPUIPlugin:64 - create IPUIPlugin
2024-04-20 17:47:58,135 [INFO] PluginManager:200 - loadIPPluginJar : add dma
2024-04-20 17:47:58,138 [INFO] IPUIPlugin:64 - create IPUIPlugin
2024-04-20 17:47:58,139 [INFO] PluginManager:200 - loadIPPluginJar : add fatfs
2024-04-20 17:47:58,146 [INFO] IPUIPlugin:64 - create IPUIPlugin
2024-04-20 17:47:58,146 [INFO] PluginManager:200 - loadIPPluginJar : add fmc
2024-04-20 17:47:58,154 [INFO] IPUIPlugin:64 - create IPUIPlugin
2024-04-20 17:47:58,154 [INFO] PluginManager:200 - loadIPPluginJar : add freertos
2024-04-20 17:47:58,157 [INFO] IPUIPlugin:64 - create IPUIPlugin
2024-04-20 17:47:58,157 [INFO] PluginManager:200 - loadIPPluginJar : add genericplugin
2024-04-20 17:47:58,163 [INFO] IPUIPlugin:64 - create IPUIPlugin
2024-04-20 17:47:58,164 [INFO] PluginManager:200 - loadIPPluginJar : add gfxmmu
2024-04-20 17:47:58,173 [INFO] IPUIPlugin:64 - create IPUIPlugin
2024-04-20 17:47:58,174 [INFO] PluginManager:200 - loadIPPluginJar : add gic
2024-04-20 17:47:58,179 [INFO] IPUIPlugin:64 - create IPUIPlugin
2024-04-20 17:47:58,180 [INFO] PluginManager:200 - loadIPPluginJar : add gpio
2024-04-20 17:47:58,183 [INFO] IPUIPlugin:64 - create IPUIPlugin
2024-04-20 17:47:58,184 [INFO] PluginManager:200 - loadIPPluginJar : add gtzc
2024-04-20 17:47:58,187 [INFO] IPUIPlugin:64 - create IPUIPlugin
2024-04-20 17:47:58,188 [INFO] PluginManager:200 - loadIPPluginJar : add hash
2024-04-20 17:47:58,192 [INFO] IPUIPlugin:64 - create IPUIPlugin
2024-04-20 17:47:58,193 [INFO] PluginManager:200 - loadIPPluginJar : add i2c
2024-04-20 17:47:58,197 [INFO] IPUIPlugin:64 - create IPUIPlugin
2024-04-20 17:47:58,197 [INFO] PluginManager:200 - loadIPPluginJar : add i2s
2024-04-20 17:47:58,201 [INFO] IPUIPlugin:64 - create IPUIPlugin
2024-04-20 17:47:58,204 [INFO] PluginManager:200 - loadIPPluginJar : add ipddr
2024-04-20 17:47:58,206 [INFO] IPUIPlugin:64 - create IPUIPlugin
2024-04-20 17:47:58,206 [INFO] PluginManager:200 - loadIPPluginJar : add ltdc
2024-04-20 17:47:58,212 [INFO] IPUIPlugin:64 - create IPUIPlugin
2024-04-20 17:47:58,214 [INFO] PluginManager:200 - loadIPPluginJar : add mdma
2024-04-20 17:47:58,221 [INFO] IPUIPlugin:64 - create IPUIPlugin
2024-04-20 17:47:58,222 [INFO] PluginManager:200 - loadIPPluginJar : add nvic
2024-04-20 17:47:58,226 [INFO] IPUIPlugin:64 - create IPUIPlugin
2024-04-20 17:47:58,227 [INFO] PluginManager:200 - loadIPPluginJar : add opamp
2024-04-20 17:47:58,231 [INFO] IPUIPlugin:64 - create IPUIPlugin
2024-04-20 17:47:58,231 [INFO] PluginManager:200 - loadIPPluginJar : add openamp
2024-04-20 17:47:58,237 [INFO] IPUIPlugin:64 - create IPUIPlugin
2024-04-20 17:47:58,237 [INFO] PluginManager:200 - loadIPPluginJar : add pdm2pcm
2024-04-20 17:47:58,243 [INFO] IPUIPlugin:64 - create IPUIPlugin
2024-04-20 17:47:58,248 [INFO] PluginManager:200 - loadIPPluginJar : add plateformsettings
2024-04-20 17:47:58,251 [INFO] IPUIPlugin:64 - create IPUIPlugin
2024-04-20 17:47:58,251 [INFO] PluginManager:200 - loadIPPluginJar : add quadspi
2024-04-20 17:47:58,254 [INFO] IPUIPlugin:64 - create IPUIPlugin
2024-04-20 17:47:58,255 [INFO] PluginManager:200 - loadIPPluginJar : add resmgrutility
2024-04-20 17:47:58,260 [INFO] IPUIPlugin:64 - create IPUIPlugin
2024-04-20 17:47:58,260 [INFO] PluginManager:200 - loadIPPluginJar : add sai
2024-04-20 17:47:58,264 [INFO] IPUIPlugin:64 - create IPUIPlugin
2024-04-20 17:47:58,265 [INFO] PluginManager:200 - loadIPPluginJar : add spi
2024-04-20 17:47:58,270 [INFO] IPUIPlugin:64 - create IPUIPlugin
2024-04-20 17:47:58,271 [INFO] PluginManager:200 - loadIPPluginJar : add stm32_wpan
2024-04-20 17:47:58,273 [INFO] IPUIPlugin:64 - create IPUIPlugin
2024-04-20 17:47:58,274 [INFO] PluginManager:200 - loadIPPluginJar : add tim
2024-04-20 17:47:58,280 [INFO] IPUIPlugin:64 - create IPUIPlugin
2024-04-20 17:47:58,280 [INFO] PluginManager:200 - loadIPPluginJar : add touchsensing
2024-04-20 17:47:58,284 [INFO] IPUIPlugin:64 - create IPUIPlugin
2024-04-20 17:47:58,284 [INFO] PluginManager:200 - loadIPPluginJar : add tracer_emb
2024-04-20 17:47:58,287 [INFO] IPUIPlugin:64 - create IPUIPlugin
2024-04-20 17:47:58,287 [INFO] PluginManager:200 - loadIPPluginJar : add ts
2024-04-20 17:47:58,289 [INFO] IPUIPlugin:64 - create IPUIPlugin
2024-04-20 17:47:58,290 [INFO] PluginManager:200 - loadIPPluginJar : add tsc
2024-04-20 17:47:58,293 [INFO] IPUIPlugin:64 - create IPUIPlugin
2024-04-20 17:47:58,294 [INFO] PluginManager:200 - loadIPPluginJar : add ucpd
2024-04-20 17:47:58,298 [INFO] IPUIPlugin:64 - create IPUIPlugin
2024-04-20 17:47:58,298 [INFO] PluginManager:200 - loadIPPluginJar : add usart
2024-04-20 17:47:59,069 [INFO] CubeProgrammer:457 - [DDR PANEL] - PathOfProgrammer: null
2024-04-20 17:47:59,961 [FATAL] Updater:282 - Updater called before beeing initialized
2024-04-20 17:48:00,124 [FATAL] Updater:282 - Updater called before beeing initialized
2024-04-20 17:48:00,124 [WARN] ThirdParty:775 - waiting for thirdparty lock release [close project]
2024-04-20 17:48:00,124 [INFO] ThirdParty:777 - entering critical section [close project]
2024-04-20 17:48:00,125 [INFO] ThirdParty:790 - exiting critical section [close project]
2024-04-20 17:48:00,128 [INFO] PinOutPanel:1418 - setPackage(No Configuration,No Configuration)
2024-04-20 17:48:00,129 [FATAL] Updater:282 - Updater called before beeing initialized
2024-04-20 17:48:00,135 [ERROR] Updater:967 - MainUpdater not yet initialized. External WinMGr cannot be set.
2024-04-20 17:48:00,137 [INFO] CubeProgrammer:457 - [DDR PANEL] - PathOfProgrammer: C:\ST\STM32CubeIDE_1.4.0\STM32CubeIDE\plugins\com.st.stm32cube.ide.mcu.externaltools.cubeprogrammer.win32_1.4.0.202007081208\tools\bin
2024-04-20 17:48:00,144 [INFO] ProgrammerExecThread:148 - [ProgrammerAPI] CubeProgrammer command construction: C:\ST\STM32CubeIDE_1.4.0\STM32CubeIDE\plugins\com.st.stm32cube.ide.mcu.externaltools.cubeprogrammer.win32_1.4.0.202007081208\tools\bin\STM32_Programmer_CLI.exe -l
2024-04-20 17:48:00,354 [INFO] MainDdrPanel:49 - [DDR PANEL] SETTER - Set cubeProgrammerPath to: C:\ST\STM32CubeIDE_1.4.0\STM32CubeIDE\plugins\com.st.stm32cube.ide.mcu.externaltools.cubeprogrammer.win32_1.4.0.202007081208\tools\bin
2024-04-20 17:48:00,383 [INFO] Updater:904 - Updater Version found : 6.0.0
2024-04-20 17:48:00,408 [INFO] ApplicationProperties:181 - Using Application install path: C:\ST\STM32CubeIDE_1.4.0\STM32CubeIDE\plugins\com.st.stm32cube.common.mx_6.0.0.202007160824
2024-04-20 17:48:01,415 [INFO] MainUpdater:2268 - connection check result : 10
2024-04-20 17:48:01,416 [INFO] MainUpdater:239 - Updater Check For Update Now.
2024-04-20 17:48:01,416 [INFO] MicroXplorer:414 - Change Database Version : DB.6.0.0
2024-04-20 17:48:01,503 [INFO] CheckServerUpdateThread:102 - End of CheckServer Thread
2024-04-20 17:48:01,537 [INFO] MainUpdater:2268 - connection check result : 10
2024-04-20 17:48:01,808 [INFO] McuFinderGlobals:40 - Set McuFinder mode to 2 (CubeIDE integrated)
2024-04-20 17:48:01,980 [INFO] CrossSelectorPresenter:1330 - Cross Selector saved comparison directory: C:\Users\Dell\.stmcufinder\plugins\mcufinder\mcu\cs_comparisons_mx
2024-04-20 17:48:01,992 [INFO] MultiScanPanel:193 - Auto-refresh data requested => check proxy status ongoing
2024-04-20 17:48:01,995 [INFO] FinderPluginLoader:87 - Searching for filters in installed packs
2024-04-20 17:48:01,997 [INFO] DbMcusXml:100 - Load MCU database from C:\ST\STM32CubeIDE_1.4.0\STM32CubeIDE\plugins\com.st.stm32cube.common.mx_6.0.0.202007160824\\db\/mcu/families.xml
2024-04-20 17:48:02,960 [INFO] DbMcusJson:92 - JSON generation date=Tue Nov 16 18:17:54 EET 2021 (1637079474)
2024-04-20 17:48:03,512 [WARN] IntegrityCheckThread:61 - waiting for thirdparty lock release [integrity check]
2024-04-20 17:48:03,512 [INFO] IntegrityCheckThread:63 - entering critical section [integrity check]
2024-04-20 17:48:03,525 [INFO] ThirdPartyDb:299 - Save Third Party DataBase File (C:/Users/Dell/.stm32cubemx/plugins/thirdparty/db/thirdparties_db.xml) [forced]
2024-04-20 17:48:03,541 [INFO] ThirdPartyDb:299 - Save Third Party DataBase File (C:/Users/Dell/.stm32cubemx/plugins/thirdparty/db/thirdparties_db.xml) [forced]
2024-04-20 17:48:03,544 [INFO] IntegrityCheckThread:76 - exiting critical section [integrity check]
2024-04-20 17:48:03,545 [INFO] IntegrityCheckThread:79 - End integrity checks thread
2024-04-20 17:48:03,899 [INFO] DbMcus:175 - Found 1761 MCUs (1722 are supported by CubeMX, 1911 are visible in CubeMX)
2024-04-20 17:48:03,900 [INFO] ApiDb:201 - Load user favorites file C:\Users\Dell/.stm32cubeide/favorites.mcus.txt: 0 item(s)
2024-04-20 17:48:03,900 [INFO] ApiDb:205 - User favorites MCUs=[]
2024-04-20 17:48:03,900 [INFO] DbMcus:187 - Set 0 / 0 favorites MCUs
2024-04-20 17:48:04,380 [INFO] LoadUrlFilesThread:162 - End of LoadServerUrlFiles without Thread
2024-04-20 17:48:04,390 [INFO] DetailPanel:331 - Set advertising image to C:/Users/Dell/STM32Cube/Repository/\stm32cubemx-promo_image.jpg
2024-04-20 17:48:04,745 [INFO] McuFilterPanel:245 - Update 0 favorites MCUs
2024-04-20 17:48:04,820 [INFO] DbBoardsPdsc:94 - Found 23 items
2024-04-20 17:48:04,842 [INFO] DbBoardsPdsc:94 - Found 9 items
2024-04-20 17:48:04,847 [INFO] DbBoardsPdsc:94 - Found 29 items
2024-04-20 17:48:04,850 [INFO] DbBoardsPdsc:94 - Found 1 items
2024-04-20 17:48:04,859 [INFO] DbBoardsPdsc:94 - Found 44 items
2024-04-20 17:48:04,869 [INFO] DbBoardsPdsc:94 - Found 40 items
2024-04-20 17:48:04,871 [INFO] DbBoardsPdsc:94 - Found 2 items
2024-04-20 17:48:04,874 [INFO] DbBoardsPdsc:94 - Found 4 items
2024-04-20 17:48:04,885 [WARN] DbBoardsPdsc:258 - Board STM32H7B3I-DK: unknown feature type=Audio, name=, username=Audio stereo codec with Headphone Amp (CS42L51-CNZ), n=1
2024-04-20 17:48:04,886 [WARN] DbBoardsPdsc:258 - Board STM32H735G-DK: unknown feature type=Audio, name=, username=Audio stereo codec with Headphone Amp (WM8994ECS/R), n=1
2024-04-20 17:48:04,889 [WARN] DbBoardsPdsc:258 - Board STM32H7B3I-EVAL: unknown feature type=Audio, name=, username=Multi-Channel Audio Codec (CS42L51-CNZ), n=1
2024-04-20 17:48:04,890 [WARN] DbBoardsPdsc:258 - Board STM32H7B3I-EVAL: unknown feature type=Meter, name=, username=Power-metering and Temperature-monitoring with sigma-delta modulators, n=1
2024-04-20 17:48:04,891 [WARN] DbBoardsPdsc:258 - Board STM32H7B3I-EVAL: unknown feature type=Motor, name=, username=Motor Control, n=1
2024-04-20 17:48:04,916 [INFO] DbBoardsJson:85 - JSON generation date=Tue Nov 16 18:17:54 EET 2021 (1637079474)
2024-04-20 17:48:04,925 [INFO] DbBoards:117 - Found 166 boards (149 are supported by CubeMX)
2024-04-20 17:48:04,929 [INFO] DbBoardsDocs:145 - JSON generation date=Tue Nov 16 18:17:54 EET 2021 (1637079474)
2024-04-20 17:48:04,936 [INFO] DbBoardsDocs:81 - Found 209 boards documents
2024-04-20 17:48:04,937 [WARN] DbBoards:127 - board B-L475E-IOT01A2 has no document id list !
2024-04-20 17:48:04,938 [WARN] DbBoards:127 - board NUCLEO-H743ZI has no document id list !
2024-04-20 17:48:04,940 [WARN] DbBoards:127 - board P-NUCLEO-WB55-Nucleo has no document id list !
2024-04-20 17:48:04,940 [WARN] DbBoards:127 - board P-NUCLEO-WB55-USBDongle has no document id list !
2024-04-20 17:48:04,940 [WARN] DbBoards:127 - board STEVAL-BFA001V1B has no document id list !
2024-04-20 17:48:04,940 [WARN] DbBoards:127 - board STEVAL-BFA001V2B has no document id list !
2024-04-20 17:48:04,940 [WARN] DbBoards:127 - board STEVAL-IDP005V1 has no document id list !
2024-04-20 17:48:04,940 [WARN] DbBoards:127 - board STEVAL-IDP005V2 has no document id list !
2024-04-20 17:48:04,941 [WARN] DbBoards:127 - board STEVAL-MKSBOX1V1 has no document id list !
2024-04-20 17:48:04,941 [WARN] DbBoards:127 - board STEVAL-STWINKT1 has no document id list !
2024-04-20 17:48:04,941 [WARN] DbBoards:127 - board STEVAL-STWINKT1B has no document id list !
2024-04-20 17:48:04,941 [WARN] DbBoards:127 - board STM32439I-EVAL2 has no document id list !
2024-04-20 17:48:04,942 [WARN] DbBoards:127 - board STM32F401C-DISCO has no document id list !
2024-04-20 17:48:04,942 [WARN] DbBoards:127 - board STM32F769I-DISC1 has no document id list !
2024-04-20 17:48:04,943 [WARN] DbBoards:127 - board STM32G474E-EVAL1 has no document id list !
2024-04-20 17:48:04,943 [WARN] DbBoards:127 - board STM32H743I-EVAL2 has no document id list !
2024-04-20 17:48:04,943 [WARN] DbBoards:127 - board STM32H747I-DISC1 has no document id list !
2024-04-20 17:48:04,944 [WARN] DbBoards:127 - board STM32H753I-EVAL2 has no document id list !
2024-04-20 17:48:04,944 [WARN] DbBoards:127 - board STM32L-DISCOVERY has no document id list !
2024-04-20 17:48:05,084 [ERROR] DbBoards:189 - Image file not found for board B-L462E-CELL1: C:\ST\STM32CubeIDE_1.4.0\STM32CubeIDE\plugins\com.st.stm32cube.common.mx_6.0.0.202007160824\\db\/plugins/mcufinder/images/boards/B-L462E-CELL1_small.jpg
2024-04-20 17:48:05,149 [ERROR] DbBoards:189 - Image file not found for board B-U585I-IOT02A: C:\ST\STM32CubeIDE_1.4.0\STM32CubeIDE\plugins\com.st.stm32cube.common.mx_6.0.0.202007160824\\db\/plugins/mcufinder/images/boards/B-U585I-IOT02A_small.jpg
2024-04-20 17:48:05,242 [ERROR] DbBoards:189 - Image file not found for board NUCLEO-F413ZH: C:\ST\STM32CubeIDE_1.4.0\STM32CubeIDE\plugins\com.st.stm32cube.common.mx_6.0.0.202007160824\\db\/plugins/mcufinder/images/boards/nucleo-f413zh_small.jpg
2024-04-20 17:48:05,415 [ERROR] DbBoards:189 - Image file not found for board NUCLEO-L552ZE-Q: C:\ST\STM32CubeIDE_1.4.0\STM32CubeIDE\plugins\com.st.stm32cube.common.mx_6.0.0.202007160824\\db\/plugins/mcufinder/images/boards/nucleo_l552ze_q_small.jpg
2024-04-20 17:48:05,415 [ERROR] DbBoards:189 - Image file not found for board NUCLEO-U575ZI-Q: C:\ST\STM32CubeIDE_1.4.0\STM32CubeIDE\plugins\com.st.stm32cube.common.mx_6.0.0.202007160824\\db\/plugins/mcufinder/images/boards/nucleo-u575zi-q_small.jpg
2024-04-20 17:48:05,415 [ERROR] DbBoards:189 - Image file not found for board NUCLEO-WB15CC: C:\ST\STM32CubeIDE_1.4.0\STM32CubeIDE\plugins\com.st.stm32cube.common.mx_6.0.0.202007160824\\db\/plugins/mcufinder/images/boards/nucleo-wb15cc_small.jpg
2024-04-20 17:48:05,415 [ERROR] DbBoards:189 - Image file not found for board NUCLEO-WB55RG: C:\ST\STM32CubeIDE_1.4.0\STM32CubeIDE\plugins\com.st.stm32cube.common.mx_6.0.0.202007160824\\db\/plugins/mcufinder/images/boards/nucleo-wb55rg_small.jpg
2024-04-20 17:48:05,416 [ERROR] DbBoards:189 - Image file not found for board NUCLEO-WL55JC: C:\ST\STM32CubeIDE_1.4.0\STM32CubeIDE\plugins\com.st.stm32cube.common.mx_6.0.0.202007160824\\db\/plugins/mcufinder/images/boards/nucleo-wl55jc-small.jpg
2024-04-20 17:48:05,595 [ERROR] DbBoards:189 - Image file not found for board STEVAL-STWINKT1B: C:\ST\STM32CubeIDE_1.4.0\STM32CubeIDE\plugins\com.st.stm32cube.common.mx_6.0.0.202007160824\\db\/plugins/mcufinder/images/boards/steval-stwinkt1b_small.jpg
2024-04-20 17:48:05,960 [ERROR] DbBoards:189 - Image file not found for board STM32G0C1E-EV: C:\ST\STM32CubeIDE_1.4.0\STM32CubeIDE\plugins\com.st.stm32cube.common.mx_6.0.0.202007160824\\db\/plugins/mcufinder/images/boards/stm32g0c1e-eval_small.jpg
2024-04-20 17:48:06,050 [ERROR] DbBoards:189 - Image file not found for board STM32H7B3I-EVAL: C:\ST\STM32CubeIDE_1.4.0\STM32CubeIDE\plugins\com.st.stm32cube.common.mx_6.0.0.202007160824\\db\/plugins/mcufinder/images/boards/stm32h7b3ieval_small.jpg
2024-04-20 17:48:06,220 [ERROR] DbBoards:189 - Image file not found for board STM32U575I-EV: C:\ST\STM32CubeIDE_1.4.0\STM32CubeIDE\plugins\com.st.stm32cube.common.mx_6.0.0.202007160824\\db\/plugins/mcufinder/images/boards/stm32u575i-ev_small.jpg
2024-04-20 17:48:06,270 [ERROR] DbBoards:189 - Image file not found for board STM32WB5MM-DK: C:\ST\STM32CubeIDE_1.4.0\STM32CubeIDE\plugins\com.st.stm32cube.common.mx_6.0.0.202007160824\\db\/plugins/mcufinder/images/boards/STM32WB5MM-DK_small.jpg
2024-04-20 17:48:06,270 [INFO] ApiDb:201 - Load user favorites file C:\Users\Dell/.stm32cubeide/favorites.boards.txt: 0 item(s)
2024-04-20 17:48:06,270 [INFO] ApiDb:205 - User favorites Boards=[]
2024-04-20 17:48:06,271 [INFO] DbBoards:206 - Set 0 / 0 favorites Boards
2024-04-20 17:48:29,886 [INFO] DbMcusDocs:145 - JSON generation date=Tue Nov 16 18:17:54 EET 2021 (1637079474)
2024-04-20 17:48:30,287 [INFO] DbMcusDocs:81 - Found 682 MCUs documents
2024-04-20 17:48:50,455 [INFO] LogOutputStream:76 - [STDOUT_REDIRECT] withoutVersionV1.8.4
2024-04-20 17:48:50,456 [INFO] LogOutputStream:76 - [STDOUT_REDIRECT] withoutVersionV1.8.3
2024-04-20 17:48:50,456 [INFO] LogOutputStream:76 - [STDOUT_REDIRECT] withoutVersionV1.8.2
2024-04-20 17:48:50,457 [INFO] LogOutputStream:76 - [STDOUT_REDIRECT] withoutVersionV1.8.1
2024-04-20 17:48:50,458 [INFO] LogOutputStream:76 - [STDOUT_REDIRECT] withoutVersionV1.8.0
2024-04-20 17:48:56,265 [INFO] ApiDb:226 - Save user favorites file C:\Users\Dell/.stm32cubeide/favorites.mcus.txt: 0 item(s)
2024-04-20 17:48:56,266 [INFO] ApiDb:230 - User favorites MCUs=[]
