09:46:38 **** Rebuild of configuration Debug for project EX6_swap_2_number ****
Info: Internal Builder is used for build
gcc -O0 -g3 -Wall -c -fmessage-length=0 -o main.o "..\\main.c" 
..\main.c:11:6: warning: return type of 'main' is not 'int' [-Wmain]
 void main(){
      ^~~~
gcc -o EX6_swap_2_number.exe main.o 
Info: Nothing to build for EX6_swap_2_number
Info: Nothing to build for EX6_swap_2_number
Info: Nothing to build for EX7_swap_2_number_without_TempVar
Info: Nothing to build for EX6_swap_2_number
Info: Nothing to build for EX7_swap_2_number_without_TempVar
Info: Nothing to build for EX6_swap_2_number
Info: Nothing to build for EX6_swap_2_number
Info: Nothing to build for EX6_swap_2_number
Info: Nothing to build for EX6_swap_2_number
Info: Nothing to build for EX6_swap_2_number
Info: Nothing to build for EX6_swap_2_number
Info: Nothing to build for EX7_swap_2_number_without_TempVar
Info: Nothing to build for EX6_swap_2_number
Info: Nothing to build for EX6_swap_2_number
09:57:10 **** Rebuild of configuration Debug for project EX7_swap_2_number_without_TempVar ****
Info: Internal Builder is used for build
gcc -O0 -g3 -Wall -c -fmessage-length=0 -o main.o "..\\main.c" 
..\main.c:11:6: warning: return type of 'main' is not 'int' [-Wmain]
 void main(){
      ^~~~
gcc -o EX7_swap_2_number_without_TempVar.exe main.o 
Info: Nothing to build for EX7_swap_2_number_without_TempVar
